<?xml version="1.0" encoding="UTF-8"?>
<!-- Generated by org.testng.reporters.JUnitReportReporter -->
<testsuite hostname="ASDA0061" name="test.Testngprac" tests="2" failures="0" timestamp="23 Jun 2015 10:36:50 GMT" time="0.006" errors="0">
  <testcase name="testCase2" time="0.000" classname="test.Testngprac"/>
  <testcase name="testCase1" time="0.006" classname="test.Testngprac"/>
</testsuite> <!-- test.Testngprac -->
