<?xml version="1.0" encoding="UTF-8"?>
<!-- Generated by org.testng.reporters.JUnitReportReporter -->
<testsuite hostname="ASDA0061" name="test.googlesearch" tests="1" failures="0" timestamp="23 Jun 2015 07:29:01 GMT" time="5.616" errors="0">
  <testcase name="searchTestNGInGoogle" time="5.616" classname="test.googlesearch"/>
</testsuite> <!-- test.googlesearch -->
