<?xml version="1.0" encoding="UTF-8"?>
<!-- Generated by org.testng.reporters.JUnitReportReporter -->
<testsuite hostname="ASDA0061" name="test.BasicTTT" tests="1" failures="0" timestamp="23 Jun 2015 09:20:40 GMT" time="3.971" errors="0">
  <testcase name="searchTestNGInGoogle" time="3.971" classname="test.BasicTTT"/>
</testsuite> <!-- test.BasicTTT -->
