<?xml version="1.0" encoding="UTF-8"?>
<!-- Generated by org.testng.reporters.JUnitReportReporter -->
<testsuite hostname="ASDA0061" name="mavenRandD.Maven1Test" tests="1" failures="0" timestamp="30 Jun 2015 05:40:35 GMT" time="0.008" errors="0">
  <testcase name="printPassedValue" time="0.008" classname="mavenRandD.Maven1Test"/>
</testsuite> <!-- mavenRandD.Maven1Test -->
